A <Select.Item /> must have a value prop that is not an empty string. This is because the Select value can be set to an empty string to clear the selection and show the placeholder.
[vite] connecting... client:733:9
[vite] connected. client:827:12
Download the React DevTools for a better development experience: https://react.dev/link/react-devtools react-dom_client.js:17987:54
Firefox can’t establish a connection to the server at ws://localhost:8000/ws. WebSocketClient.ts:14:18
The connection to ws://localhost:8000/ws was interrupted while the page was loading. WebSocketClient.ts:14:18
WebSocket connection failed - this is normal if the backend is not running WebSocketClient.ts:38:17
WebSocket connected WebSocketClient.ts:18:17
Error: A <Select.Item /> must have a value prop that is not an empty string. This is because the Select value can be set to an empty string to clear the selection and show the placeholder.
    SelectItem select.tsx:1278
    React 16
    performWorkUntilDeadline scheduler.development.js:45
    js scheduler.development.js:223
    js scheduler.development.js:364
    __require chunk-G3PMV62Z.js:8
    js index.js:6
    __require chunk-G3PMV62Z.js:8
    React 2
    __require chunk-G3PMV62Z.js:8
    js React
    __require chunk-G3PMV62Z.js:8
    <anonymous> react-dom_client.js:18075
 

The above error occurred in the <SelectItem> component.

React will try to recreate this component tree from scratch using the error boundary you provided, ErrorBoundary.
react-dom_client.js:6264:19
Error caught by boundary: Error: A <Select.Item /> must have a value prop that is not an empty string. This is because the Select value can be set to an empty string to clear the selection and show the placeholder.
    SelectItem select.tsx:1278
    React 16
    performWorkUntilDeadline scheduler.development.js:45
    js scheduler.development.js:223
    js scheduler.development.js:364
    __require chunk-G3PMV62Z.js:8
    js index.js:6
    __require chunk-G3PMV62Z.js:8
    React 2
    __require chunk-G3PMV62Z.js:8
    js React
    __require chunk-G3PMV62Z.js:8
    <anonymous> react-dom_client.js:18075
 
Object { componentStack: "\nSelectItem<@http://localhost:5173/node_modules/.vite/deps/@radix-ui_react-select.js?v=18a96523:873:9\n_c1@http://localhost:5173/src/components/ui/select.tsx:195:9\ndiv@unknown:0:0\nPrimitive</Node<@http://localhost:5173/node_modules/.vite/deps/chunk-SOSAFS5T.js?v=d511dcec:171:44\ncreateSlotClone/SlotClone<@http://localhost:5173/node_modules/.vite/deps/chunk-SOSAFS5T.js?v=d511dcec:80:40\ncreateSlot/Slot2<@http://localhost:5173/node_modules/.vite/deps/chunk-SOSAFS5T.js?v=d511dcec:57:40\ncreateCollection/CollectionSlot<@http://localhost:5173/node_modules/.vite/deps/chunk-TPCDFPWU.js?v=d511dcec:44:35\nSelectViewport<@http://localhost:5173/node_modules/.vite/deps/@radix-ui_react-select.js?v=18a96523:779:56\ndiv@unknown:0:0\ncreateSlotClone/SlotClone<@http://localhost:5173/node_modules/.vite/deps/chunk-SOSAFS5T.js?v=d511dcec:80:40\ncreateSlot/Slot2<@http://localhost:5173/node_modules/.vite/deps/chunk-SOSAFS5T.js?v=d511dcec:57:40\ncreateCollection/CollectionSlot<@http://localhost:5173/node_modules/.vite/deps/chunk-TPCDFPWU.js?v=d511dcec:44:35\nProvider@http://localhost:5173/node_modules/.vite/deps/chunk-FF5HFEEX.js?v=d511dcec:21:47\nSelectContent<@http://localhost:5173/node_modules/.vite/deps/@radix-ui_react-select.js?v=18a96523:324:52\ncreateSlotClone/SlotClone<@http://localhost:5173/node_modules/.vite/deps/chunk-SOSAFS5T.js?v=d511dcec:80:40\ncreateSlot/Slot2<@http://localhost:5173/node_modules/.vite/deps/chunk-SOSAFS5T.js?v=d511dcec:57:40\nPrimitive</Node<@http://localhost:5173/node_modules/.vite/deps/chunk-SOSAFS5T.js?v=d511dcec:171:44\nPortal<@http://localhost:5173/node_modules/.vite/deps/chunk-HCAYLRDP.js?v=d511dcec:2671:56\nSelectPortal@unknown:0:0\n_c7@http://localhost:5173/src/components/ui/select.tsx:116:9\nProvider@http://localhost:5173/node_modules/.vite/deps/chunk-FF5HFEEX.js?v=d511dcec:21:47\nProvider@http://localhost:5173/node_modules/.vite/deps/chunk-FF5HFEEX.js?v=d511dcec:21:47\nCollectionProvider@http://localhost:5173/node_modules/.vite/deps/chunk-TPCDFPWU.js?v=d511dcec:34:33\nProvider@http://localhost:5173/node_modules/.vite/deps/chunk-FF5HFEEX.js?v=d511dcec:21:47\nProvider@http://localhost:5173/node_modules/.vite/deps/chunk-FF5HFEEX.js?v=d511dcec:21:47\nPopper@http://localhost:5173/node_modules/.vite/deps/chunk-HCAYLRDP.js?v=d511dcec:2404:39\nSelect@http://localhost:5173/node_modules/.vite/deps/@radix-ui_react-select.js?v=18a96523:124:7\ndiv@unknown:0:0\ndiv@unknown:0:0\ndiv@unknown:0:0\n_c9@http://localhost:5173/src/components/ui/card.tsx:95:9\ndiv@unknown:0:0\n_c@http://localhost:5173/src/components/ui/card.tsx:20:8\ndiv@unknown:0:0\nResultsPage@http://localhost:5173/src/pages/ResultsPage.tsx:34:41\nRenderedRoute@http://localhost:5173/node_modules/.vite/deps/react-router-dom.js?v=6a818a15:5507:23\nRoutes@http://localhost:5173/node_modules/.vite/deps/react-router-dom.js?v=6a818a15:6241:16\ndiv@unknown:0:0\nmain@unknown:0:0\ndiv@unknown:0:0\ndiv@unknown:0:0\nAppLayout@http://localhost:5173/src/components/layout/AppLayout.tsx:23:26\nRouter@http://localhost:5173/node_modules/.vite/deps/react-router-dom.js?v=6a818a15:6184:16\nBrowserRouter@http://localhost:5173/node_modules/.vite/deps/react-router-dom.js?v=6a818a15:9245:23\nV@http://localhost:5173/node_modules/.vite/deps/next-themes.js?v=731fc3b6:44:9\nJ@http://localhost:5173/node_modules/.vite/deps/next-themes.js?v=731fc3b6:42:18\nThemeProvider@http://localhost:5173/src/components/theme-provider.tsx:19:30\nErrorBoundary@http://localhost:5173/src/components/ErrorBoundary.tsx:11:5\nApp@unknown:0:0" }
ErrorBoundary.tsx:18:13
